<?xml version="1.0" encoding="UTF-8"?>
<testsuite xmlns:xsi="http://www.w3.org/2001/XMLSchema-instance" xsi:noNamespaceSchemaLocation="https://maven.apache.org/surefire/maven-surefire-plugin/xsd/surefire-test-report-3.0.xsd" version="3.0" name="nachwithme.ui.AppControllerTest" time="0.044" tests="3" errors="3" skipped="0" failures="0">
  <properties>
[...]
</properties>
  <testcase name="registerUser" classname="nachwithme.ui.AppControllerTest" time="0.01">
    <error type="java.lang.reflect.InaccessibleObjectException"><![CDATA[java.lang.reflect.InaccessibleObjectException: Unable to make nachwithme.ui.AppControllerTest() accessible: module nachwithme does not "opens nachwithme.ui" to unnamed module @857ee2ec
]]></error>
  </testcase>
  <testcase name="addNach" classname="nachwithme.ui.AppControllerTest" time="0.001">
    <error type="java.lang.reflect.InaccessibleObjectException"><![CDATA[java.lang.reflect.InaccessibleObjectException: Unable to make nachwithme.ui.AppControllerTest() accessible: module nachwithme does not "opens nachwithme.ui" to unnamed module @857ee2ec
]]></error>
  </testcase>
  <testcase name="initialize" classname="nachwithme.ui.AppControllerTest" time="0.001">
    <error type="java.lang.reflect.InaccessibleObjectException"><![CDATA[java.lang.reflect.InaccessibleObjectException: Unable to make nachwithme.ui.AppControllerTest() accessible: module nachwithme does not "opens nachwithme.ui" to unnamed module @857ee2ec
]]></error>
  </testcase>
</testsuite>